d:\desktop\dev\projects\hexagon alpha2\hexagon alpha2\debug\vc120.pdb
d:\desktop\dev\projects\hexagon alpha2\hexagon alpha2\debug\vc120.idb
d:\desktop\dev\projects\hexagon alpha2\hexagon alpha2\debug\crafttable.obj
d:\desktop\dev\projects\hexagon alpha2\hexagon alpha2\debug\entity.obj
d:\desktop\dev\projects\hexagon alpha2\hexagon alpha2\debug\game.obj
d:\desktop\dev\projects\hexagon alpha2\hexagon alpha2\debug\level.obj
d:\desktop\dev\projects\hexagon alpha2\hexagon alpha2\debug\player.obj
d:\desktop\dev\projects\hexagon alpha2\hexagon alpha2\debug\tolua_item.obj
d:\desktop\dev\projects\hexagon alpha2\hexagon alpha2\debug\timer.obj
d:\desktop\dev\projects\hexagon alpha2\hexagon alpha2\debug\maploaderprivate.obj
d:\desktop\dev\projects\hexagon alpha2\hexagon alpha2\debug\maploaderpublic.obj
d:\desktop\dev\projects\hexagon alpha2\hexagon alpha2\debug\mapobject.obj
d:\desktop\dev\projects\hexagon alpha2\hexagon alpha2\debug\pugixml.obj
d:\desktop\dev\projects\hexagon alpha2\hexagon alpha2\debug\main.obj
d:\desktop\dev\projects\hexagon alpha2\hexagon alpha2\debug\npc.obj
d:\desktop\dev\projects\hexagon alpha2\hexagon alpha2\debug\quest.obj
d:\desktop\dev\projects\hexagon alpha2\hexagon alpha2\debug\questmanager.obj
d:\desktop\dev\projects\hexagon alpha2\hexagon alpha2\debug\tolua_quest.obj
d:\desktop\dev\projects\hexagon alpha2\hexagon alpha2\debug\tolua_questmanager.obj
d:\desktop\dev\projects\hexagon alpha2\hexagon alpha2\debug\tolua_character.obj
d:\desktop\dev\projects\hexagon alpha2\hexagon alpha2\debug\character.obj
d:\desktop\dev\projects\hexagon alpha2\hexagon alpha2\debug\enemy.obj
d:\desktop\dev\projects\hexagon alpha2\hexagon alpha2\debug\entitymanager.obj
d:\desktop\dev\projects\hexagon alpha2\hexagon alpha2\debug\warp.obj
d:\desktop\dev\projects\hexagon alpha2\hexagon alpha2\debug\tolua_entitymanager.obj
d:\desktop\dev\projects\hexagon alpha2\hexagon alpha2\debug\tolua_npc.obj
d:\desktop\dev\projects\hexagon alpha2\hexagon alpha2\debug\tolua_player.obj
d:\desktop\dev\projects\hexagon alpha2\hexagon alpha2\debug\item.obj
d:\desktop\dev\projects\hexagon alpha2\hexagon alpha2\debug\tolua_crafttable.obj
d:\desktop\dev\projects\hexagon alpha2\hexagon alpha2\debug\quadtreenode.obj
d:\desktop\dev\projects\hexagon alpha2\hexagon alpha2\debug\resourcemanager.obj
d:\desktop\dev\projects\hexagon alpha2\hexagon alpha2\debug\stdafx.obj
d:\desktop\dev\projects\hexagon alpha2\hexagon alpha2\debug\textbox.obj
d:\desktop\dev\projects\hexagon alpha2\hexagon alpha2\debug\tolua_entity.obj
d:\desktop\dev\projects\hexagon alpha2\hexagon alpha2\debug\debugshape.obj
d:\desktop\dev\projects\hexagon alpha2\hexagon alpha2\debug\gui.obj
d:\desktop\dev\projects\hexagon alpha2\hexagon alpha2\debug\maplayer.obj
d:\desktop\dev\projects\hexagon alpha2\debug\hexagon alpha2.lib
d:\desktop\dev\projects\hexagon alpha2\debug\hexagon alpha2.exp
d:\desktop\dev\projects\hexagon alpha2\debug\hexagon alpha2.ilk
d:\desktop\dev\projects\hexagon alpha2\debug\hexagon alpha2.exe
d:\desktop\dev\projects\hexagon alpha2\debug\hexagon alpha2.pdb
d:\desktop\dev\projects\hexagon alpha2\hexagon alpha2\debug\hexagon alpha2.tlog\cl.command.1.tlog
d:\desktop\dev\projects\hexagon alpha2\hexagon alpha2\debug\hexagon alpha2.tlog\cl.read.1.tlog
d:\desktop\dev\projects\hexagon alpha2\hexagon alpha2\debug\hexagon alpha2.tlog\cl.write.1.tlog
d:\desktop\dev\projects\hexagon alpha2\hexagon alpha2\debug\hexagon alpha2.tlog\hexagon alpha2.write.1u.tlog
d:\desktop\dev\projects\hexagon alpha2\hexagon alpha2\debug\hexagon alpha2.tlog\link.command.1.tlog
d:\desktop\dev\projects\hexagon alpha2\hexagon alpha2\debug\hexagon alpha2.tlog\link.read.1.tlog
d:\desktop\dev\projects\hexagon alpha2\hexagon alpha2\debug\hexagon alpha2.tlog\link.write.1.tlog
